#
# A fatal error has been detected by the Java Runtime Environment:
#
#  Internal Error (safepoint.cpp:716), pid=2923, tid=0x0000000000005e0f
#  fatal error: Illegal threadstate encountered: 4
#
# JRE version: Java(TM) SE Runtime Environment (8.0_301-b09) (build 1.8.0_301-b09)
# Java VM: Java HotSpot(TM) 64-Bit Server VM (25.301-b09 mixed mode bsd-amd64 compressed oops)
# Failed to write core dump. Core dumps have been disabled. To enable core dumping, try "ulimit -c unlimited" before starting Java again
#
# If you would like to submit a bug report, please visit:
#   http://bugreport.java.com/bugreport/crash.jsp
# The crash happened outside the Java Virtual Machine in native code.
# See problematic frame for where to report the bug.
#

---------------  T H R E A D  ---------------

Current thread (0x00007feeb691c800):  JavaThread "Thread-1" daemon [_thread_in_native, id=24079, stack(0x000070000ed2f000,0x000070000ee2f000)]

Stack: [0x000070000ed2f000,0x000070000ee2f000],  sp=0x000070000ee2df10,  free space=1019k
Native frames: (J=compiled Java code, j=interpreted, Vv=VM code, C=native code)
V  [libjvm.dylib+0x59b49f]
V  [libjvm.dylib+0x1d377f]
V  [libjvm.dylib+0x4e7817]
V  [libjvm.dylib+0x561d2f]
V  [libjvm.dylib+0x2fd88e]
C  [libglass.dylib+0x8868]  -[GlassRunnable dealloc]+0x28
C  [Foundation+0x80e9b]  -[_NSThreadPerformInfo dealloc]+0x2a
C  [Foundation+0x4dcc7]  -[NSObject(NSThreadPerformAdditions) performSelectorOnMainThread:withObject:waitUntilDone:]+0x7c
J 4644  com.sun.glass.ui.mac.MacApplication._submitForLaterInvocation(Ljava/lang/Runnable;)V (0 bytes) @ 0x000000010b88bffc [0x000000010b88bf40+0xbc]
J 4606 C1 com.sun.glass.ui.mac.MacApplication.submitForLaterInvocation(Ljava/lang/Runnable;)V (6 bytes) @ 0x000000010b873c7c [0x000000010b873c00+0x7c]
j  com.sun.glass.ui.InvokeLaterDispatcher.run()V+82
v  ~StubRoutines::call_stub
V  [libjvm.dylib+0x2d63b3]
V  [libjvm.dylib+0x2d5216]
V  [libjvm.dylib+0x2d53f7]
V  [libjvm.dylib+0x3426e9]
V  [libjvm.dylib+0x56057a]
V  [libjvm.dylib+0x56043f]
V  [libjvm.dylib+0x48d62b]
C  [libsystem_pthread.dylib+0x64f4]  _pthread_start+0x7d
C  [libsystem_pthread.dylib+0x200f]  thread_start+0xf
C  0x0000000000000000

Java frames: (J=compiled Java code, j=interpreted, Vv=VM code)
J 4644  com.sun.glass.ui.mac.MacApplication._submitForLaterInvocation(Ljava/lang/Runnable;)V (0 bytes) @ 0x000000010b88bf8c [0x000000010b88bf40+0x4c]
J 4606 C1 com.sun.glass.ui.mac.MacApplication.submitForLaterInvocation(Ljava/lang/Runnable;)V (6 bytes) @ 0x000000010b873c7c [0x000000010b873c00+0x7c]
j  com.sun.glass.ui.InvokeLaterDispatcher.run()V+82
v  ~StubRoutines::call_stub

---------------  P R O C E S S  ---------------

Java Threads: ( => current thread )
  0x00007feeb7ff1800 JavaThread "PulseTimer-CVDisplayLink thread" daemon [_thread_in_native, id=71775, stack(0x000070000e30e000,0x000070000e38e000)]
  0x00007feeb8277000 JavaThread "OkHttp TaskRunner" daemon [_thread_blocked, id=82739, stack(0x000070000fc62000,0x000070000fd62000)]
  0x00007feeb6c27000 JavaThread "OkHttp TaskRunner" daemon [_thread_blocked, id=74247, stack(0x000070000fb5f000,0x000070000fc5f000)]
  0x00007feeb6c38000 JavaThread "OkHttp http://localhost:8080/..." [_thread_in_vm, id=59439, stack(0x000070000fa5c000,0x000070000fb5c000)]
  0x00007feeb50d7800 JavaThread "OkHttp http://localhost:8080/..." [_thread_blocked, id=78867, stack(0x000070000f959000,0x000070000fa59000)]
  0x00007feeb55ce800 JavaThread "Timer-2" [_thread_blocked, id=72195, stack(0x000070000f856000,0x000070000f956000)]
  0x00007feeb6a23800 JavaThread "Timer-1" [_thread_blocked, id=59651, stack(0x000070000f753000,0x000070000f853000)]
  0x00007feeb55cd000 JavaThread "Timer-0" [_thread_blocked, id=59167, stack(0x000070000f650000,0x000070000f750000)]
  0x00007feeb7b7f800 JavaThread "Okio Watchdog" daemon [_thread_blocked, id=73747, stack(0x000070000f54d000,0x000070000f64d000)]
  0x00007feeb5159800 JavaThread "OkHttp TaskRunner" daemon [_thread_blocked, id=83583, stack(0x000070000f44a000,0x000070000f54a000)]
  0x00007feeb7b89800 JavaThread "OkHttp Dispatcher" [_thread_blocked, id=74167, stack(0x000070000f347000,0x000070000f447000)]
  0x00007feeb5897000 JavaThread "Attach Listener" daemon [_thread_blocked, id=51971, stack(0x000070000f1c1000,0x000070000f2c1000)]
  0x00007feeb78ae000 JavaThread "Prism Font Disposer" daemon [_thread_blocked, id=79299, stack(0x000070000ee32000,0x000070000ef32000)]
  0x00007feeb71cb000 JavaThread "JavaFX-Launcher" [_thread_blocked, id=79363, stack(0x000070000f0be000,0x000070000f1be000)]
  0x00007feeb7851800 JavaThread "JavaFX Application Thread" [_thread_in_native_trans, id=259, stack(0x00007ff7bb6ed000,0x00007ff7bbeed000)]
=>0x00007feeb691c800 JavaThread "Thread-1" daemon [_thread_in_native, id=24079, stack(0x000070000ed2f000,0x000070000ee2f000)]
  0x00007feeb784a000 JavaThread "QuantumRenderer-0" daemon [_thread_blocked, id=21763, stack(0x000070000ec2c000,0x000070000ed2c000)]
  0x00007feeb7819000 JavaThread "Service Thread" daemon [_thread_blocked, id=16387, stack(0x000070000ea26000,0x000070000eb26000)]
  0x00007feeb880a000 JavaThread "C1 CompilerThread3" daemon [_thread_in_vm, id=16643, stack(0x000070000e923000,0x000070000ea23000)]
  0x00007feeb8809000 JavaThread "C2 CompilerThread2" daemon [_thread_blocked, id=15107, stack(0x000070000e820000,0x000070000e920000)]
  0x00007feeb880b800 JavaThread "C2 CompilerThread1" daemon [_thread_blocked, id=17411, stack(0x000070000e71d000,0x000070000e81d000)]
  0x00007feeb505f000 JavaThread "C2 CompilerThread0" daemon [_thread_blocked, id=17667, stack(0x000070000e61a000,0x000070000e71a000)]
  0x00007feeb5808800 JavaThread "Monitor Ctrl-Break" daemon [_thread_in_native, id=17923, stack(0x000070000e517000,0x000070000e617000)]
  0x00007feeb6823000 JavaThread "Signal Dispatcher" daemon [_thread_blocked, id=14083, stack(0x000070000e414000,0x000070000e514000)]
  0x00007feeb7038800 JavaThread "Finalizer" daemon [_thread_blocked, id=19715, stack(0x000070000e20b000,0x000070000e30b000)]
  0x00007feeb7009800 JavaThread "Reference Handler" daemon [_thread_blocked, id=12291, stack(0x000070000e108000,0x000070000e208000)]
  0x00007feeb780b000 JavaThread "main" [_thread_blocked, id=4355, stack(0x000070000d6ea000,0x000070000d7ea000)]

Other Threads:
  0x00007feeb5017000 VMThread [stack: 0x000070000e005000,0x000070000e105000] [id=12035]
  0x00007feeb583d800 WatcherThread [stack: 0x000070000eb29000,0x000070000ec29000] [id=15875]

VM state:synchronizing (normal execution)

VM Mutex/Monitor currently owned by a thread:  ([mutex/lock_event])
[0x0000600001667300] Safepoint_lock - owner thread: 0x00007feeb5017000
[0x0000600001667380] Threads_lock - owner thread: 0x00007feeb5017000

heap address: 0x00000006c0000000, size: 4096 MB, Compressed Oops mode: Zero based, Oop shift amount: 3
Narrow klass base: 0x0000000000000000, Narrow klass shift: 3
Compressed class space size: 1073741824 Address: 0x00000007c0000000

Heap:
 PSYoungGen      total 76288K, used 12662K [0x000000076ab00000, 0x0000000770000000, 0x00000007c0000000)
  eden space 65536K, 2% used [0x000000076ab00000,0x000000076acdd988,0x000000076eb00000)
  from space 10752K, 100% used [0x000000076f580000,0x0000000770000000,0x0000000770000000)
  to   space 10752K, 0% used [0x000000076eb00000,0x000000076eb00000,0x000000076f580000)
 ParOldGen       total 77824K, used 25571K [0x00000006c0000000, 0x00000006c4c00000, 0x000000076ab00000)
  object space 77824K, 32% used [0x00000006c0000000,0x00000006c18f8ce8,0x00000006c4c00000)
 Metaspace       used 28883K, capacity 30756K, committed 30976K, reserved 1077248K
  class space    used 3746K, capacity 4067K, committed 4096K, reserved 1048576K

Card table byte_map: [0x00000001045f6000,0x0000000104df7000] byte_map_base: 0x0000000100ff6000

Marking Bits: (ParMarkBitMap*) 0x000000010563d298
 Begin Bits: [0x0000000119aad000, 0x000000011daad000)
 End Bits:   [0x000000011daad000, 0x0000000121aad000)

Polling page: 0x000000010414c000

CodeCache: size=245760Kb used=16513Kb max_used=16541Kb free=229246Kb
 bounds [0x000000010aaad000, 0x000000010bafd000, 0x0000000119aad000]
 total_blobs=5649 nmethods=4922 adapters=636
 compilation: enabled

Compilation events (10 events):
Event: 31.255 Thread 0x00007feeb880a000 nmethod 5387 0x000000010bac3010 code [0x000000010bac3180, 0x000000010bac33d0]
Event: 31.255 Thread 0x00007feeb880a000 5388       3       com.sun.javafx.font.PrismFontFactory::lookupResource (28 bytes)
Event: 31.256 Thread 0x00007feeb880a000 nmethod 5388 0x000000010af10c10 code [0x000000010af10da0, 0x000000010af112d8]
Event: 31.256 Thread 0x00007feeb880a000 5389       3       com.sun.javafx.css.converters.StringConverter::convert (7 bytes)
Event: 31.256 Thread 0x00007feeb880a000 nmethod 5389 0x000000010babae50 code [0x000000010babafe0, 0x000000010babb408]
Event: 31.259 Thread 0x00007feeb880a000 5391       1       java.nio.DirectByteBuffer::isDirect (2 bytes)
Event: 31.259 Thread 0x00007feeb880a000 nmethod 5391 0x000000010b55ad50 code [0x000000010b55aea0, 0x000000010b55afb0]
Event: 31.262 Thread 0x00007feeb880a000 5393       3       com.sun.javafx.font.coretext.CTFontStrike::getFontRef (5 bytes)
Event: 31.262 Thread 0x00007feeb880a000 nmethod 5393 0x000000010b3525d0 code [0x000000010b352720, 0x000000010b352870]
Event: 31.284 Thread 0x00007feeb880a000 5394       3       java.util.ArrayDeque::size (18 bytes)

GC Heap History (10 events):
Event: 1.351 GC heap before
{Heap before GC invocations=1 (full 0):
 PSYoungGen      total 76288K, used 65536K [0x000000076ab00000, 0x0000000770000000, 0x00000007c0000000)
  eden space 65536K, 100% used [0x000000076ab00000,0x000000076eb00000,0x000000076eb00000)
  from space 10752K, 0% used [0x000000076f580000,0x000000076f580000,0x0000000770000000)
  to   space 10752K, 0% used [0x000000076eb00000,0x000000076eb00000,0x000000076f580000)
 ParOldGen       total 175104K, used 0K [0x00000006c0000000, 0x00000006cab00000, 0x000000076ab00000)
  object space 175104K, 0% used [0x00000006c0000000,0x00000006c0000000,0x00000006cab00000)
 Metaspace       used 15945K, capacity 16732K, committed 16896K, reserved 1062912K
  class space    used 2311K, capacity 2497K, committed 2560K, reserved 1048576K
Event: 1.357 GC heap after
Heap after GC invocations=1 (full 0):
 PSYoungGen      total 76288K, used 5824K [0x000000076ab00000, 0x0000000770000000, 0x00000007c0000000)
  eden space 65536K, 0% used [0x000000076ab00000,0x000000076ab00000,0x000000076eb00000)
  from space 10752K, 54% used [0x000000076eb00000,0x000000076f0b0020,0x000000076f580000)
  to   space 10752K, 0% used [0x000000076f580000,0x000000076f580000,0x0000000770000000)
 ParOldGen       total 175104K, used 88K [0x00000006c0000000, 0x00000006cab00000, 0x000000076ab00000)
  object space 175104K, 0% used [0x00000006c0000000,0x00000006c0016010,0x00000006cab00000)
 Metaspace       used 15945K, capacity 16732K, committed 16896K, reserved 1062912K
  class space    used 2311K, capacity 2497K, committed 2560K, reserved 1048576K
}
Event: 5.529 GC heap before
{Heap before GC invocations=2 (full 0):
 PSYoungGen      total 76288K, used 26227K [0x000000076ab00000, 0x0000000770000000, 0x00000007c0000000)
  eden space 65536K, 31% used [0x000000076ab00000,0x000000076beecde8,0x000000076eb00000)
  from space 10752K, 54% used [0x000000076eb00000,0x000000076f0b0020,0x000000076f580000)
  to   space 10752K, 0% used [0x000000076f580000,0x000000076f580000,0x0000000770000000)
 ParOldGen       total 175104K, used 88K [0x00000006c0000000, 0x00000006cab00000, 0x000000076ab00000)
  object space 175104K, 0% used [0x00000006c0000000,0x00000006c0016010,0x00000006cab00000)
 Metaspace       used 20215K, capacity 21202K, committed 21248K, reserved 1067008K
  class space    used 2802K, capacity 3064K, committed 3072K, reserved 1048576K
Event: 5.537 GC heap after
Heap after GC invocations=2 (full 0):
 PSYoungGen      total 76288K, used 10733K [0x000000076ab00000, 0x0000000770000000, 0x00000007c0000000)
  eden space 65536K, 0% used [0x000000076ab00000,0x000000076ab00000,0x000000076eb00000)
  from space 10752K, 99% used [0x000000076f580000,0x000000076fffb560,0x0000000770000000)
  to   space 10752K, 0% used [0x000000076eb00000,0x000000076eb00000,0x000000076f580000)
 ParOldGen       total 175104K, used 1649K [0x00000006c0000000, 0x00000006cab00000, 0x000000076ab00000)
  object space 175104K, 0% used [0x00000006c0000000,0x00000006c019c530,0x00000006cab00000)
 Metaspace       used 20215K, capacity 21202K, committed 21248K, reserved 1067008K
  class space    used 2802K, capacity 3064K, committed 3072K, reserved 1048576K
}
Event: 5.537 GC heap before
{Heap before GC invocations=3 (full 1):
 PSYoungGen      total 76288K, used 10733K [0x000000076ab00000, 0x0000000770000000, 0x00000007c0000000)
  eden space 65536K, 0% used [0x000000076ab00000,0x000000076ab00000,0x000000076eb00000)
  from space 10752K, 99% used [0x000000076f580000,0x000000076fffb560,0x0000000770000000)
  to   space 10752K, 0% used [0x000000076eb00000,0x000000076eb00000,0x000000076f580000)
 ParOldGen       total 175104K, used 1649K [0x00000006c0000000, 0x00000006cab00000, 0x000000076ab00000)
  object space 175104K, 0% used [0x00000006c0000000,0x00000006c019c530,0x00000006cab00000)
 Metaspace       used 20215K, capacity 21202K, committed 21248K, reserved 1067008K
  class space    used 2802K, capacity 3064K, committed 3072K, reserved 1048576K
Event: 5.559 GC heap after
Heap after GC invocations=3 (full 1):
 PSYoungGen      total 76288K, used 0K [0x000000076ab00000, 0x0000000770000000, 0x00000007c0000000)
  eden space 65536K, 0% used [0x000000076ab00000,0x000000076ab00000,0x000000076eb00000)
  from space 10752K, 0% used [0x000000076f580000,0x000000076f580000,0x0000000770000000)
  to   space 10752K, 0% used [0x000000076eb00000,0x000000076eb00000,0x000000076f580000)
 ParOldGen       total 77824K, used 10151K [0x00000006c0000000, 0x00000006c4c00000, 0x000000076ab00000)
  object space 77824K, 13% used [0x00000006c0000000,0x00000006c09e9cb8,0x00000006c4c00000)
 Metaspace       used 20215K, capacity 21202K, committed 21248K, reserved 1067008K
  class space    used 2802K, capacity 3064K, committed 3072K, reserved 1048576K
}
Event: 8.222 GC heap before
{Heap before GC invocations=4 (full 1):
 PSYoungGen      total 76288K, used 65536K [0x000000076ab00000, 0x0000000770000000, 0x00000007c0000000)
  eden space 65536K, 100% used [0x000000076ab00000,0x000000076eb00000,0x000000076eb00000)
  from space 10752K, 0% used [0x000000076f580000,0x000000076f580000,0x0000000770000000)
  to   space 10752K, 0% used [0x000000076eb00000,0x000000076eb00000,0x000000076f580000)
 ParOldGen       total 77824K, used 10151K [0x00000006c0000000, 0x00000006c4c00000, 0x000000076ab00000)
  object space 77824K, 13% used [0x00000006c0000000,0x00000006c09e9cb8,0x00000006c4c00000)
 Metaspace       used 27452K, capacity 29234K, committed 29440K, reserved 1075200K
  class space    used 3681K, capacity 4010K, committed 4096K, reserved 1048576K
Event: 8.231 GC heap after
Heap after GC invocations=4 (full 1):
 PSYoungGen      total 76288K, used 10750K [0x000000076ab00000, 0x0000000770000000, 0x00000007c0000000)
  eden space 65536K, 0% used [0x000000076ab00000,0x000000076ab00000,0x000000076eb00000)
  from space 10752K, 99% used [0x000000076eb00000,0x000000076f57fbc0,0x000000076f580000)
  to   space 10752K, 0% used [0x000000076f580000,0x000000076f580000,0x0000000770000000)
 ParOldGen       total 77824K, used 11859K [0x00000006c0000000, 0x00000006c4c00000, 0x000000076ab00000)
  object space 77824K, 15% used [0x00000006c0000000,0x00000006c0b94fd8,0x00000006c4c00000)
 Metaspace       used 27452K, capacity 29234K, committed 29440K, reserved 1075200K
  class space    used 3681K, capacity 4010K, committed 4096K, reserved 1048576K
}
Event: 31.267 GC heap before
{Heap before GC invocations=5 (full 1):
 PSYoungGen      total 76288K, used 76286K [0x000000076ab00000, 0x0000000770000000, 0x00000007c0000000)
  eden space 65536K, 100% used [0x000000076ab00000,0x000000076eb00000,0x000000076eb00000)
  from space 10752K, 99% used [0x000000076eb00000,0x000000076f57fbc0,0x000000076f580000)
  to   space 10752K, 0% used [0x000000076f580000,0x000000076f580000,0x0000000770000000)
 ParOldGen       total 77824K, used 11859K [0x00000006c0000000, 0x00000006c4c00000, 0x000000076ab00000)
  object space 77824K, 15% used [0x00000006c0000000,0x00000006c0b94fd8,0x00000006c4c00000)
 Metaspace       used 28883K, capacity 30756K, committed 30976K, reserved 1077248K
  class space    used 3746K, capacity 4067K, committed 4096K, reserved 1048576K
Event: 31.283 GC heap after
Heap after GC invocations=5 (full 1):
 PSYoungGen      total 76288K, used 10752K [0x000000076ab00000, 0x0000000770000000, 0x00000007c0000000)
  eden space 65536K, 0% used [0x000000076ab00000,0x000000076ab00000,0x000000076eb00000)
  from space 10752K, 100% used [0x000000076f580000,0x0000000770000000,0x0000000770000000)
  to   space 10752K, 0% used [0x000000076eb00000,0x000000076eb00000,0x000000076f580000)
 ParOldGen       total 77824K, used 25571K [0x00000006c0000000, 0x00000006c4c00000, 0x000000076ab00000)
  object space 77824K, 32% used [0x00000006c0000000,0x00000006c18f8ce8,0x00000006c4c00000)
 Metaspace       used 28883K, capacity 30756K, committed 30976K, reserved 1077248K
  class space    used 3746K, capacity 4067K, committed 4096K, reserved 1048576K
}

Deoptimization events (10 events):
Event: 27.642 Thread 0x00007feeb7851800 Uncommon trap: reason=null_check action=make_not_entrant pc=0x000000010b8aaff0 method=javafx.scene.Node$MiscProperties.getClip()Ljavafx/scene/Node; @ 20
Event: 27.656 Thread 0x00007feeb7851800 Uncommon trap: reason=unstable_if action=reinterpret pc=0x000000010b5f27e4 method=javafx.scene.Parent.setChildDirty(Ljavafx/scene/Node;Z)V @ 22
Event: 27.671 Thread 0x00007feeb7851800 Uncommon trap: reason=unstable_if action=reinterpret pc=0x000000010af59ec4 method=java.lang.ref.SoftReference.get()Ljava/lang/Object; @ 17
Event: 27.754 Thread 0x00007feeb7851800 Uncommon trap: reason=unstable_if action=reinterpret pc=0x000000010b506d68 method=javafx.scene.CssStyleHelper.resolveLookups(Ljavafx/css/Styleable;Lcom/sun/javafx/css/ParsedValueImpl;Lcom/sun/javafx/css/StyleMap;Ljava/util/Set;Ljavafx/beans/property/Objec
Event: 27.863 Thread 0x00007feeb7851800 Uncommon trap: reason=unstable_if action=reinterpret pc=0x000000010b973f14 method=javafx.scene.Node.updateBounds()V @ 37
Event: 29.287 Thread 0x00007feeb7851800 Uncommon trap: reason=null_check action=make_not_entrant pc=0x000000010b05823c method=javafx.beans.property.StringPropertyBase.set(Ljava/lang/String;)V @ 111
Event: 31.257 Thread 0x00007feeb7851800 Uncommon trap: reason=class_check action=maybe_recompile pc=0x000000010b04da84 method=javafx.scene.Node.updateBounds()V @ 77
Event: 31.257 Thread 0x00007feeb7851800 Uncommon trap: reason=class_check action=maybe_recompile pc=0x000000010b04da84 method=javafx.scene.Node.updateBounds()V @ 77
Event: 31.257 Thread 0x00007feeb7851800 Uncommon trap: reason=class_check action=maybe_recompile pc=0x000000010b04da84 method=javafx.scene.Node.updateBounds()V @ 77
Event: 31.257 Thread 0x00007feeb7851800 Uncommon trap: reason=class_check action=maybe_recompile pc=0x000000010b04da84 method=javafx.scene.Node.updateBounds()V @ 77

Classes redefined (0 events):
No events

Internal exceptions (10 events):
Event: 1.374 Thread 0x00007feeb7851800 Implicit null exception at 0x000000010adac9b5 to 0x000000010adacbf1
Event: 1.374 Thread 0x00007feeb7851800 Implicit null exception at 0x000000010ae35b58 to 0x000000010ae35be6
Event: 5.813 Thread 0x00007feeb7851800 Exception <a 'java/io/FileNotFoundException'> (0x000000076c1f3ba8) thrown at [/System/Volumes/Data/jenkins/workspace/8-2-build-macosx-x86_64/jdk8u301/1513/hotspot/src/share/vm/prims/jni.cpp, line 710]
Event: 5.815 Thread 0x00007feeb7851800 Exception <a 'java/io/FileNotFoundException'> (0x000000076c2073c8) thrown at [/System/Volumes/Data/jenkins/workspace/8-2-build-macosx-x86_64/jdk8u301/1513/hotspot/src/share/vm/prims/jni.cpp, line 710]
Event: 5.835 Thread 0x00007feeb7851800 Exception <a 'java/io/FileNotFoundException'> (0x000000076c798820) thrown at [/System/Volumes/Data/jenkins/workspace/8-2-build-macosx-x86_64/jdk8u301/1513/hotspot/src/share/vm/prims/jni.cpp, line 710]
Event: 5.915 Thread 0x00007feeb7851800 Exception <a 'java/io/FileNotFoundException'> (0x000000076cce1e50) thrown at [/System/Volumes/Data/jenkins/workspace/8-2-build-macosx-x86_64/jdk8u301/1513/hotspot/src/share/vm/prims/jni.cpp, line 710]
Event: 26.842 Thread 0x00007feeb7851800 Implicit null exception at 0x000000010b7aab48 to 0x000000010b7ab565
Event: 27.642 Thread 0x00007feeb7851800 Implicit null exception at 0x000000010ad7f7dc to 0x000000010ad8003d
Event: 27.642 Thread 0x00007feeb7851800 Implicit null exception at 0x000000010b8aaf8e to 0x000000010b8aafe5
Event: 29.287 Thread 0x00007feeb7851800 Implicit null exception at 0x000000010b058121 to 0x000000010b05822f

Events (10 events):
Event: 31.257 Thread 0x00007feeb7851800 DEOPT UNPACKING pc=0x000000010aaf273a sp=0x00007ff7bbee6b70 mode 2
Event: 31.257 Thread 0x00007feeb7851800 Uncommon trap: trap_request=0xffffffde fr.pc=0x000000010b04da84
Event: 31.257 Thread 0x00007feeb7851800 DEOPT PACKING pc=0x000000010b04da84 sp=0x00007ff7bbee6b80
Event: 31.257 Thread 0x00007feeb7851800 DEOPT UNPACKING pc=0x000000010aaf273a sp=0x00007ff7bbee6b70 mode 2
Event: 31.257 Thread 0x00007feeb7851800 Uncommon trap: trap_request=0xffffffde fr.pc=0x000000010b04da84
Event: 31.257 Thread 0x00007feeb7851800 DEOPT PACKING pc=0x000000010b04da84 sp=0x00007ff7bbee6b80
Event: 31.257 Thread 0x00007feeb7851800 DEOPT UNPACKING pc=0x000000010aaf273a sp=0x00007ff7bbee6b70 mode 2
Event: 31.267 Executing VM operation: ParallelGCFailedAllocation
Event: 31.283 Executing VM operation: ParallelGCFailedAllocation done
Event: 31.284 Executing VM operation: RevokeBias


Dynamic libraries:
0x00007ff83558a000 	/System/Library/Frameworks/Cocoa.framework/Versions/A/Cocoa
0x00007ff82140f000 	/System/Library/Frameworks/AppKit.framework/Versions/C/AppKit
0x00007ff824905000 	/System/Library/Frameworks/CoreData.framework/Versions/A/CoreData
0x00007ff81f826000 	/System/Library/Frameworks/Foundation.framework/Versions/C/Foundation
0x00007ff8296c5000 	/usr/lib/libSystem.B.dylib
0x00007ff82229e000 	/System/Library/PrivateFrameworks/UIFoundation.framework/Versions/A/UIFoundation
0x00007ff82f53b000 	/System/Library/PrivateFrameworks/RemoteViewServices.framework/Versions/A/RemoteViewServices
0x00007ff82792b000 	/System/Library/PrivateFrameworks/XCTTargetBootstrap.framework/Versions/A/XCTTargetBootstrap
0x00007ff82b4d5000 	/System/Library/PrivateFrameworks/InternationalSupport.framework/Versions/A/InternationalSupport
0x00007ff82b55f000 	/System/Library/PrivateFrameworks/UserActivity.framework/Versions/A/UserActivity
0x00007ff82a8b5000 	/usr/lib/libspindump.dylib
0x00007ff82252c000 	/System/Library/Frameworks/UniformTypeIdentifiers.framework/Versions/A/UniformTypeIdentifiers
0x00007ff826068000 	/usr/lib/libapp_launch_measurement.dylib
0x00007ff8252d1000 	/System/Library/PrivateFrameworks/CoreAnalytics.framework/Versions/A/CoreAnalytics
0x00007ff82606b000 	/System/Library/PrivateFrameworks/CoreAutoLayout.framework/Versions/A/CoreAutoLayout
0x00007ff82728b000 	/System/Library/Frameworks/Metal.framework/Versions/A/Metal
0x00007ff827fa1000 	/usr/lib/liblangid.dylib
0x00007ff82792f000 	/System/Library/PrivateFrameworks/CoreSVG.framework/Versions/A/CoreSVG
0x00007ff8238f3000 	/System/Library/PrivateFrameworks/SkyLight.framework/Versions/A/SkyLight
0x00007ff823c86000 	/System/Library/Frameworks/CoreGraphics.framework/Versions/A/CoreGraphics
0x00007ff82fbaa000 	/System/Library/Frameworks/Accelerate.framework/Versions/A/Accelerate
0x00007ff82a330000 	/System/Library/PrivateFrameworks/IconServices.framework/Versions/A/IconServices
0x00007ff827270000 	/System/Library/Frameworks/IOSurface.framework/Versions/A/IOSurface
0x00007ff8252ff000 	/usr/lib/libDiagnosticMessagesClient.dylib
0x00007ff8295e5000 	/usr/lib/libz.1.dylib
0x00007ff833219000 	/System/Library/Frameworks/ApplicationServices.framework/Versions/A/ApplicationServices
0x00007ff827917000 	/System/Library/PrivateFrameworks/DFRFoundation.framework/Versions/A/DFRFoundation
0x00007ff820d00000 	/usr/lib/libicucore.A.dylib
0x00007ff82c1fa000 	/System/Library/Frameworks/AudioToolbox.framework/Versions/A/AudioToolbox
0x00007ff82b4e1000 	/System/Library/PrivateFrameworks/DataDetectorsCore.framework/Versions/A/DataDetectorsCore
0x00007ff926e40000 	/System/Library/PrivateFrameworks/TextInput.framework/Versions/A/TextInput
0x00007ff823877000 	/usr/lib/libMobileGestalt.dylib
0x00007ff82761f000 	/System/Library/Frameworks/Carbon.framework/Versions/A/Frameworks/HIToolbox.framework/Versions/A/HIToolbox
0x00007ff825a95000 	/System/Library/Frameworks/QuartzCore.framework/Versions/A/QuartzCore
0x00007ff8209a0000 	/System/Library/Frameworks/Security.framework/Versions/A/Security
0x00007ff82f573000 	/System/Library/Frameworks/Carbon.framework/Versions/A/Frameworks/SpeechRecognition.framework/Versions/A/SpeechRecognition
0x00007ff825dc8000 	/System/Library/PrivateFrameworks/CoreUI.framework/Versions/A/CoreUI
0x00007ff820278000 	/System/Library/Frameworks/CoreAudio.framework/Versions/A/CoreAudio
0x00007ff8253ed000 	/System/Library/Frameworks/DiskArbitration.framework/Versions/A/DiskArbitration
0x00007ff82ac9c000 	/System/Library/PrivateFrameworks/MultitouchSupport.framework/Versions/A/MultitouchSupport
0x00007ff823876000 	/usr/lib/libenergytrace.dylib
0x00007ff8212fb000 	/System/Library/Frameworks/IOKit.framework/Versions/A/IOKit
0x00007ff82f95f000 	/System/Library/Frameworks/CoreServices.framework/Versions/A/CoreServices
0x00007ff826002000 	/System/Library/PrivateFrameworks/PerformanceAnalysis.framework/Versions/A/PerformanceAnalysis
0x00007ffa3660b000 	/System/Library/Frameworks/OpenGL.framework/Versions/A/OpenGL
0x00007ff828c16000 	/System/Library/PrivateFrameworks/MobileKeyBag.framework/Versions/A/MobileKeyBag
0x00007ff81e7e7000 	/usr/lib/libobjc.A.dylib
0x00007ff824352000 	/System/Library/Frameworks/ColorSync.framework/Versions/A/ColorSync
0x00007ff81e9a0000 	/System/Library/Frameworks/CoreFoundation.framework/Versions/A/CoreFoundation
0x00007ff827ba8000 	/System/Library/Frameworks/CoreImage.framework/Versions/A/CoreImage
0x00007ff82008e000 	/System/Library/Frameworks/CoreText.framework/Versions/A/CoreText
0x00007ff82795e000 	/System/Library/Frameworks/ImageIO.framework/Versions/A/ImageIO
0x00007ff8296cb000 	/System/Library/PrivateFrameworks/SoftLinking.framework/Versions/A/SoftLinking
0x00007ff8260b3000 	/usr/lib/libxml2.2.dylib
0x00007ff81e8ad000 	/usr/lib/libc++.1.dylib
0x00007ff82994f000 	/usr/lib/libcompression.dylib
0x00007ff82b40b000 	/System/Library/PrivateFrameworks/TextureIO.framework/Versions/A/TextureIO
0x00007ff82a042000 	/usr/lib/libate.dylib
0x00007ff8296c0000 	/usr/lib/system/libcache.dylib
0x00007ff82967c000 	/usr/lib/system/libcommonCrypto.dylib
0x00007ff8296a5000 	/usr/lib/system/libcompiler_rt.dylib
0x00007ff82969b000 	/usr/lib/system/libcopyfile.dylib
0x00007ff81e6e1000 	/usr/lib/system/libcorecrypto.dylib
0x00007ff81e7a0000 	/usr/lib/system/libdispatch.dylib
0x00007ff81e95f000 	/usr/lib/system/libdyld.dylib
0x00007ff8296b7000 	/usr/lib/system/libkeymgr.dylib
0x00007ff82965a000 	/usr/lib/system/libmacho.dylib
0x00007ff828cea000 	/usr/lib/system/libquarantine.dylib
0x00007ff8296b5000 	/usr/lib/system/libremovefile.dylib
0x00007ff8238c3000 	/usr/lib/system/libsystem_asl.dylib
0x00007ff81e68f000 	/usr/lib/system/libsystem_blocks.dylib
0x00007ff81e824000 	/usr/lib/system/libsystem_c.dylib
0x00007ff8296ad000 	/usr/lib/system/libsystem_collections.dylib
0x00007ff827f92000 	/usr/lib/system/libsystem_configuration.dylib
0x00007ff827253000 	/usr/lib/system/libsystem_containermanager.dylib
0x00007ff829397000 	/usr/lib/system/libsystem_coreservices.dylib
0x00007ff820f89000 	/usr/lib/system/libsystem_darwin.dylib
0x00007ff8296b8000 	/usr/lib/system/libsystem_dnssd.dylib
0x00007ff81e821000 	/usr/lib/system/libsystem_featureflags.dylib
0x00007ff81e975000 	/usr/lib/system/libsystem_info.dylib
0x00007ff8295f8000 	/usr/lib/system/libsystem_m.dylib
0x00007ff81e774000 	/usr/lib/system/libsystem_malloc.dylib
0x00007ff823860000 	/usr/lib/system/libsystem_networkextension.dylib
0x00007ff8213b1000 	/usr/lib/system/libsystem_notify.dylib
0x00007ff82f834000 	/usr/lib/system/libsystem_product_info_filter.dylib
0x00007ff827f96000 	/usr/lib/system/libsystem_sandbox.dylib
0x00007ff8296b2000 	/usr/lib/system/libsystem_secinit.dylib
0x00007ff81e91c000 	/usr/lib/system/libsystem_kernel.dylib
0x00007ff81e96b000 	/usr/lib/system/libsystem_platform.dylib
0x00007ff81e953000 	/usr/lib/system/libsystem_pthread.dylib
0x00007ff825118000 	/usr/lib/system/libsystem_symptoms.dylib
0x00007ff81e6c8000 	/usr/lib/system/libsystem_trace.dylib
0x00007ff829688000 	/usr/lib/system/libunwind.dylib
0x00007ff81e691000 	/usr/lib/system/libxpc.dylib
0x00007ff81e906000 	/usr/lib/libc++abi.dylib
0x00007ff829693000 	/usr/lib/liboah.dylib
0x00007ff829e20000 	/usr/lib/liblzma.5.dylib
0x00007ff81f537000 	/System/Library/Frameworks/SystemConfiguration.framework/Versions/A/SystemConfiguration
0x00007ff8296c7000 	/usr/lib/libfakelink.dylib
0x00007ff8233c9000 	/System/Library/Frameworks/CFNetwork.framework/Versions/A/CFNetwork
0x00007ff829806000 	/usr/lib/libarchive.2.dylib
0x00007ff827f9d000 	/System/Library/PrivateFrameworks/AppleSystemInfo.framework/Versions/A/AppleSystemInfo
0x00007ff828d11000 	/usr/lib/libbsm.0.dylib
0x00007ff8229ff000 	/usr/lib/libnetwork.dylib
0x00007ff829660000 	/usr/lib/system/libkxld.dylib
0x00007ff82893f000 	/System/Library/PrivateFrameworks/IOMobileFramebuffer.framework/Versions/A/IOMobileFramebuffer
0x00007ffb343b9000 	/usr/lib/libCoreEntitlements.dylib
0x00007ff829379000 	/System/Library/PrivateFrameworks/AppleFSCompression.framework/Versions/A/AppleFSCompression
0x00007ff828cf9000 	/usr/lib/libcoretls.dylib
0x00007ff829e3a000 	/usr/lib/libcoretls_cfhelpers.dylib
0x00007ff82994a000 	/usr/lib/libpam.2.dylib
0x00007ff824d3a000 	/usr/lib/libsqlite3.dylib
0x00007ff829ea9000 	/usr/lib/libxar.1.dylib
0x00007ff829389000 	/usr/lib/libbz2.1.0.dylib
0x00007ff8296cc000 	/usr/lib/libpcap.A.dylib
0x00007ff82510f000 	/usr/lib/libdns_services.dylib
0x00007ff829919000 	/usr/lib/libapple_nghttp2.dylib
0x00007ff829703000 	/usr/lib/libiconv.2.dylib
0x00007ff829659000 	/usr/lib/libcharset.1.dylib
0x00007ff826036000 	/System/Library/Frameworks/CoreServices.framework/Versions/A/Frameworks/FSEvents.framework/Versions/A/FSEvents
0x00007ff820f93000 	/System/Library/Frameworks/CoreServices.framework/Versions/A/Frameworks/CarbonCore.framework/Versions/A/CarbonCore
0x00007ff825352000 	/System/Library/Frameworks/CoreServices.framework/Versions/A/Frameworks/Metadata.framework/Versions/A/Metadata
0x00007ff82939c000 	/System/Library/Frameworks/CoreServices.framework/Versions/A/Frameworks/OSServices.framework/Versions/A/OSServices
0x00007ff82988d000 	/System/Library/Frameworks/CoreServices.framework/Versions/A/Frameworks/SearchKit.framework/Versions/A/SearchKit
0x00007ff8250a1000 	/System/Library/Frameworks/CoreServices.framework/Versions/A/Frameworks/AE.framework/Versions/A/AE
0x00007ff81eea3000 	/System/Library/Frameworks/CoreServices.framework/Versions/A/Frameworks/LaunchServices.framework/Versions/A/LaunchServices
0x00007ff829dd1000 	/System/Library/Frameworks/CoreServices.framework/Versions/A/Frameworks/DictionaryServices.framework/Versions/A/DictionaryServices
0x00007ff826043000 	/System/Library/Frameworks/CoreServices.framework/Versions/A/Frameworks/SharedFileList.framework/Versions/A/SharedFileList
0x00007ff828ced000 	/usr/lib/libCheckFix.dylib
0x00007ff8238da000 	/System/Library/PrivateFrameworks/TCC.framework/Versions/A/TCC
0x00007ff827fa3000 	/System/Library/PrivateFrameworks/CoreNLP.framework/Versions/A/CoreNLP
0x00007ff825302000 	/System/Library/PrivateFrameworks/MetadataUtilities.framework/Versions/A/MetadataUtilities
0x00007ff81f5e7000 	/usr/lib/libmecabra.dylib
0x00007ff828d21000 	/usr/lib/libmecab.dylib
0x00007ff81f5b2000 	/usr/lib/libCRFSuite.dylib
0x00007ff828d7e000 	/usr/lib/libgermantok.dylib
0x00007ff8298f4000 	/usr/lib/libThaiTokenizer.dylib
0x00007ff8253f4000 	/System/Library/Frameworks/Accelerate.framework/Versions/A/Frameworks/vImage.framework/Versions/A/vImage
0x00007ff82f936000 	/System/Library/Frameworks/Accelerate.framework/Versions/A/Frameworks/vecLib.framework/Versions/A/vecLib
0x00007ff829eea000 	/System/Library/Frameworks/Accelerate.framework/Versions/A/Frameworks/vecLib.framework/Versions/A/libvMisc.dylib
0x00007ff82875d000 	/System/Library/Frameworks/Accelerate.framework/Versions/A/Frameworks/vecLib.framework/Versions/A/libvDSP.dylib
0x00007ff81f21b000 	/System/Library/Frameworks/Accelerate.framework/Versions/A/Frameworks/vecLib.framework/Versions/A/libBLAS.dylib
0x00007ff829a2b000 	/System/Library/Frameworks/Accelerate.framework/Versions/A/Frameworks/vecLib.framework/Versions/A/libLAPACK.dylib
0x00007ff828d81000 	/System/Library/Frameworks/Accelerate.framework/Versions/A/Frameworks/vecLib.framework/Versions/A/libLinearAlgebra.dylib
0x00007ff829932000 	/System/Library/Frameworks/Accelerate.framework/Versions/A/Frameworks/vecLib.framework/Versions/A/libSparseBLAS.dylib
0x00007ff829a25000 	/System/Library/Frameworks/Accelerate.framework/Versions/A/Frameworks/vecLib.framework/Versions/A/libQuadrature.dylib
0x00007ff82808d000 	/System/Library/Frameworks/Accelerate.framework/Versions/A/Frameworks/vecLib.framework/Versions/A/libBNNS.dylib
0x00007ff81f4c8000 	/System/Library/Frameworks/Accelerate.framework/Versions/A/Frameworks/vecLib.framework/Versions/A/libSparse.dylib
0x00007ff828086000 	/System/Library/PrivateFrameworks/LinguisticData.framework/Versions/A/LinguisticData
0x00007ff81f47d000 	/System/Library/PrivateFrameworks/Lexicon.framework/Versions/A/Lexicon
0x00007ff829ee3000 	/usr/lib/libChineseTokenizer.dylib
0x00007ff81fbe1000 	/System/Library/PrivateFrameworks/LanguageModeling.framework/Versions/A/LanguageModeling
0x00007ff8298f6000 	/System/Library/PrivateFrameworks/AppleSauce.framework/Versions/A/AppleSauce
0x00007ff82892d000 	/System/Library/PrivateFrameworks/CoreEmoji.framework/Versions/A/CoreEmoji
0x00007ff8297f5000 	/usr/lib/libcmph.dylib
0x00007ff82601a000 	/System/Library/Frameworks/OpenDirectory.framework/Versions/A/Frameworks/CFOpenDirectory.framework/Versions/A/CFOpenDirectory
0x00007ff82600e000 	/System/Library/Frameworks/OpenDirectory.framework/Versions/A/OpenDirectory
0x00007ff829e3c000 	/System/Library/PrivateFrameworks/APFS.framework/Versions/A/APFS
0x00007ff828c4e000 	/System/Library/Frameworks/SecurityFoundation.framework/Versions/A/SecurityFoundation
0x00007ff829eb7000 	/usr/lib/libutil.dylib
0x00007ff8212be000 	/System/Library/PrivateFrameworks/CoreServicesStore.framework/Versions/A/CoreServicesStore
0x00007ff829ebb000 	/usr/lib/libxslt.1.dylib
0x00007ff828cdb000 	/System/Library/PrivateFrameworks/BackgroundTaskManagement.framework/Versions/A/BackgroundTaskManagement
0x00007ff82b32b000 	/System/Library/Frameworks/ImageIO.framework/Versions/A/Resources/libRadiance.dylib
0x00007ff82b334000 	/System/Library/Frameworks/ImageIO.framework/Versions/A/Resources/libJPEG.dylib
0x00007ff82b284000 	/System/Library/Frameworks/ImageIO.framework/Versions/A/Resources/libPng.dylib
0x00007ff82b2a5000 	/System/Library/Frameworks/ImageIO.framework/Versions/A/Resources/libTIFF.dylib
0x00007ff82b394000 	/System/Library/Frameworks/ImageIO.framework/Versions/A/Resources/libGIF.dylib
0x00007ff82abb5000 	/System/Library/Frameworks/ImageIO.framework/Versions/A/Resources/libJP2.dylib
0x00007ff82a2f7000 	/usr/lib/libexpat.1.dylib
0x00007ff82ab6a000 	/System/Library/PrivateFrameworks/AppleJPEG.framework/Versions/A/AppleJPEG
0x00007ff8274e6000 	/System/Library/PrivateFrameworks/FontServices.framework/libFontParser.dylib
0x00007ff82504b000 	/System/Library/PrivateFrameworks/RunningBoardServices.framework/Versions/A/RunningBoardServices
0x00007ff835b04000 	/System/Library/PrivateFrameworks/IOSurfaceAccelerator.framework/Versions/A/IOSurfaceAccelerator
0x00007ff82ac98000 	/System/Library/PrivateFrameworks/WatchdogClient.framework/Versions/A/WatchdogClient
0x00007ff81fcd0000 	/System/Library/Frameworks/CoreDisplay.framework/Versions/A/CoreDisplay
0x00007ff8273e5000 	/System/Library/Frameworks/CoreMedia.framework/Versions/A/CoreMedia
0x00007ff827282000 	/System/Library/PrivateFrameworks/IOAccelerator.framework/Versions/A/IOAccelerator
0x00007ff826196000 	/System/Library/Frameworks/CoreVideo.framework/Versions/A/CoreVideo
0x00007ff829948000 	/System/Library/Frameworks/MetalPerformanceShaders.framework/Versions/A/MetalPerformanceShaders
0x00007ff82acd3000 	/System/Library/Frameworks/VideoToolbox.framework/Versions/A/VideoToolbox
0x00007ff824f93000 	/System/Library/PrivateFrameworks/BaseBoard.framework/Versions/A/BaseBoard
0x00007ff824d20000 	/System/Library/PrivateFrameworks/ProtocolBuffer.framework/Versions/A/ProtocolBuffer
0x00007ff82b324000 	/System/Library/PrivateFrameworks/GPUWrangler.framework/Versions/A/GPUWrangler
0x00007ff82b307000 	/System/Library/PrivateFrameworks/IOPresentment.framework/Versions/A/IOPresentment
0x00007ff82b32e000 	/System/Library/PrivateFrameworks/DSExternalDisplay.framework/Versions/A/DSExternalDisplay
0x00007ffa365ff000 	/System/Library/Frameworks/OpenGL.framework/Versions/A/Libraries/libCoreFSCache.dylib
0x00007ffb226a3000 	/System/Library/PrivateFrameworks/GPUCompiler.framework/Versions/31001/Libraries/libGPUCompilerUtils.dylib
0x00007ff82b399000 	/System/Library/PrivateFrameworks/CMCaptureCore.framework/Versions/A/CMCaptureCore
0x00007ff82a8a3000 	/System/Library/PrivateFrameworks/AppServerSupport.framework/Versions/A/AppServerSupport
0x00007ff82ca80000 	/System/Library/PrivateFrameworks/perfdata.framework/Versions/A/perfdata
0x00007ff81fdfc000 	/System/Library/PrivateFrameworks/AudioToolboxCore.framework/Versions/A/AudioToolboxCore
0x00007ff8273c2000 	/System/Library/PrivateFrameworks/caulk.framework/Versions/A/caulk
0x00007ff82c3a4000 	/usr/lib/libAudioStatistics.dylib
0x00007ff9236d1000 	/System/Library/PrivateFrameworks/SystemPolicy.framework/Versions/A/SystemPolicy
0x00007ff82c5f9000 	/usr/lib/libSMC.dylib
0x00007ff83543d000 	/System/Library/Frameworks/CoreMIDI.framework/Versions/A/CoreMIDI
0x00007ff82b254000 	/usr/lib/libAudioToolboxUtility.dylib
0x00007ff91fae3000 	/System/Library/PrivateFrameworks/OSAServicesClient.framework/Versions/A/OSAServicesClient
0x00007ff82ca8d000 	/usr/lib/libperfcheck.dylib
0x00007ff924163000 	/usr/lib/libmis.dylib
0x00007ffa3665b000 	/System/Library/Frameworks/OpenGL.framework/Versions/A/Libraries/libGLU.dylib
0x00007ffa3661e000 	/System/Library/Frameworks/OpenGL.framework/Versions/A/Libraries/libGFXShared.dylib
0x00007ffa3682c000 	/System/Library/Frameworks/OpenGL.framework/Versions/A/Libraries/libGL.dylib
0x00007ffa36627000 	/System/Library/Frameworks/OpenGL.framework/Versions/A/Libraries/libGLImage.dylib
0x00007ffa3661b000 	/System/Library/Frameworks/OpenGL.framework/Versions/A/Libraries/libCVMSPluginSupport.dylib
0x00007ffa36606000 	/System/Library/Frameworks/OpenGL.framework/Versions/A/Libraries/libCoreVMClient.dylib
0x00007ff827f21000 	/System/Library/Frameworks/MetalPerformanceShaders.framework/Versions/A/Frameworks/MPSCore.framework/Versions/A/MPSCore
0x00007ff8292e4000 	/System/Library/Frameworks/MetalPerformanceShaders.framework/Versions/A/Frameworks/MPSImage.framework/Versions/A/MPSImage
0x00007ff828d97000 	/System/Library/Frameworks/MetalPerformanceShaders.framework/Versions/A/Frameworks/MPSNeuralNetwork.framework/Versions/A/MPSNeuralNetwork
0x00007ff82920c000 	/System/Library/Frameworks/MetalPerformanceShaders.framework/Versions/A/Frameworks/MPSMatrix.framework/Versions/A/MPSMatrix
0x00007ff828fc8000 	/System/Library/Frameworks/MetalPerformanceShaders.framework/Versions/A/Frameworks/MPSRayIntersector.framework/Versions/A/MPSRayIntersector
0x00007ff829245000 	/System/Library/Frameworks/MetalPerformanceShaders.framework/Versions/A/Frameworks/MPSNDArray.framework/Versions/A/MPSNDArray
0x00007ffa3b21d000 	/System/Library/Frameworks/MetalPerformanceShaders.framework/Versions/A/Frameworks/MPSFunctions.framework/Versions/A/MPSFunctions
0x00007ff81f0fe000 	/System/Library/PrivateFrameworks/MetalTools.framework/Versions/A/MetalTools
0x00007ff827f9b000 	/System/Library/PrivateFrameworks/AggregateDictionary.framework/Versions/A/AggregateDictionary
0x00007ff82a0d9000 	/usr/lib/libIOReport.dylib
0x00007ffa37c3b000 	/System/Library/Frameworks/OpenCL.framework/Versions/A/OpenCL
0x00007ff82a43d000 	/System/Library/PrivateFrameworks/FaceCore.framework/Versions/A/FaceCore
0x00007ff82a42e000 	/System/Library/PrivateFrameworks/GraphVisualizer.framework/Versions/A/GraphVisualizer
0x00007ffb225ae000 	/System/Library/PrivateFrameworks/FontServices.framework/Versions/A/FontServices
0x00007ff82a85a000 	/System/Library/PrivateFrameworks/OTSVG.framework/Versions/A/OTSVG
0x00007ff825d7e000 	/System/Library/Frameworks/ApplicationServices.framework/Versions/A/Frameworks/ATS.framework/Versions/A/Resources/libFontRegistry.dylib
0x00007ff82a8ab000 	/System/Library/PrivateFrameworks/FontServices.framework/libhvf.dylib
0x00007ffb225af000 	/System/Library/PrivateFrameworks/FontServices.framework/libXTFontStaticRegistryData.dylib
0x00007ff82a2a7000 	/System/Library/PrivateFrameworks/AppleVA.framework/Versions/A/AppleVA
0x00007ff82c3c8000 	/System/Library/Frameworks/ApplicationServices.framework/Versions/A/Frameworks/ATS.framework/Versions/A/ATS
0x00007ff82444e000 	/System/Library/Frameworks/ApplicationServices.framework/Versions/A/Frameworks/HIServices.framework/Versions/A/HIServices
0x00007ff82b3a3000 	/System/Library/Frameworks/ApplicationServices.framework/Versions/A/Frameworks/PrintCore.framework/Versions/A/PrintCore
0x00007ff82c74c000 	/System/Library/Frameworks/ApplicationServices.framework/Versions/A/Frameworks/QD.framework/Versions/A/QD
0x00007ff82c744000 	/System/Library/Frameworks/ApplicationServices.framework/Versions/A/Frameworks/ColorSyncLegacy.framework/Versions/A/ColorSyncLegacy
0x00007ff82c3b8000 	/System/Library/Frameworks/ApplicationServices.framework/Versions/A/Frameworks/SpeechSynthesis.framework/Versions/A/SpeechSynthesis
0x00007ff82b364000 	/System/Library/Frameworks/ApplicationServices.framework/Versions/A/Frameworks/ATSUI.framework/Versions/A/ATSUI
0x00007ff82c6d9000 	/usr/lib/libcups.2.dylib
0x00007ff82ca9c000 	/System/Library/Frameworks/Kerberos.framework/Versions/A/Kerberos
0x00007ff82caab000 	/System/Library/Frameworks/GSS.framework/Versions/A/GSS
0x00007ff82c434000 	/usr/lib/libresolv.9.dylib
0x00007ff82a8ba000 	/System/Library/PrivateFrameworks/Heimdal.framework/Versions/A/Heimdal
0x00007ff833594000 	/System/Library/Frameworks/Kerberos.framework/Versions/A/Libraries/libHeimdalProxy.dylib
0x00007ff825120000 	/System/Library/Frameworks/Network.framework/Versions/A/Network
0x00007ff82a311000 	/usr/lib/libheimdal-asn1.dylib
0x00007ff82caf7000 	/System/Library/PrivateFrameworks/CommonAuth.framework/Versions/A/CommonAuth
0x00007ff82c335000 	/System/Library/PrivateFrameworks/AudioSession.framework/Versions/A/AudioSession
0x00007ff82a3a1000 	/System/Library/PrivateFrameworks/MediaExperience.framework/Versions/A/MediaExperience
0x00007ff82c1c9000 	/System/Library/PrivateFrameworks/AudioSession.framework/libSessionUtility.dylib
0x00007ff82c758000 	/System/Library/PrivateFrameworks/AudioResourceArbitration.framework/Versions/A/AudioResourceArbitration
0x00007ff830749000 	/System/Library/PrivateFrameworks/PowerLog.framework/Versions/A/PowerLog
0x00007ff82a31a000 	/System/Library/PrivateFrameworks/IconFoundation.framework/Versions/A/IconFoundation
0x00007ff82f563000 	/System/Library/PrivateFrameworks/SpeechRecognitionCore.framework/Versions/A/SpeechRecognitionCore
0x0000000104f19000 	/Library/Java/JavaVirtualMachines/jdk1.8.0_301.jdk/Contents/Home/jre/lib/server/libjvm.dylib
0x000000010415d000 	/Library/Java/JavaVirtualMachines/jdk1.8.0_301.jdk/Contents/Home/jre/lib/libverify.dylib
0x00000001041a1000 	/Library/Java/JavaVirtualMachines/jdk1.8.0_301.jdk/Contents/Home/jre/lib/libjava.dylib
0x00000001041d4000 	/Library/Java/JavaVirtualMachines/jdk1.8.0_301.jdk/Contents/Home/jre/lib/libinstrument.dylib
0x000000010417b000 	/Library/Java/JavaVirtualMachines/jdk1.8.0_301.jdk/Contents/Home/jre/lib/libzip.dylib
0x0000000109136000 	/Library/Java/JavaVirtualMachines/jdk1.8.0_301.jdk/Contents/Home/jre/lib/libnet.dylib
0x000000010911c000 	/Library/Java/JavaVirtualMachines/jdk1.8.0_301.jdk/Contents/Home/jre/lib/libprism_es2.dylib
0x00007ff82127f000 	/System/Library/PrivateFrameworks/CoreServicesInternal.framework/Versions/A/CoreServicesInternal
0x00007ffa36837000 	/System/Library/Frameworks/OpenGL.framework/Versions/A/Resources/GLEngine.bundle/GLEngine
0x00007ffa36699000 	/System/Library/Frameworks/OpenGL.framework/Versions/A/Libraries/libGLProgrammability.dylib
0x00007ffa2aa62000 	/System/Library/Extensions/AppleIntelKBLGraphicsGLDriver.bundle/Contents/MacOS/AppleIntelKBLGraphicsGLDriver
0x00007ff92e02c000 	/System/Library/PrivateFrameworks/GPUSupport.framework/Versions/A/Libraries/libGPUSupportMercury.dylib
0x00007ffa369c6000 	/System/Library/Frameworks/OpenGL.framework/Versions/A/Resources/GLRendererFloat.bundle/GLRendererFloat
0x00000001096d1000 	/Library/Java/JavaVirtualMachines/jdk1.8.0_301.jdk/Contents/Home/jre/lib/libglass.dylib
0x00007ff830d3a000 	/System/Library/Frameworks/FileProvider.framework/Versions/A/FileProvider
0x00007ff824eff000 	/System/Library/Frameworks/Accounts.framework/Versions/A/Accounts
0x00007ff830eb1000 	/System/Library/PrivateFrameworks/GenerationalStorage.framework/Versions/A/GenerationalStorage
0x00007ff8319c3000 	/System/Library/PrivateFrameworks/CoreSymbolication.framework/Versions/A/CoreSymbolication
0x00007ff83073e000 	/System/Library/PrivateFrameworks/SymptomDiagnosticReporter.framework/Versions/A/SymptomDiagnosticReporter
0x00007ff822540000 	/System/Library/PrivateFrameworks/DesktopServicesPriv.framework/Versions/A/DesktopServicesPriv
0x00007ff8213c0000 	/usr/lib/libsandbox.1.dylib
0x00007ff826215000 	/System/Library/PrivateFrameworks/UserManagement.framework/Versions/A/UserManagement
0x00007ff831988000 	/System/Library/PrivateFrameworks/DebugSymbols.framework/Versions/A/DebugSymbols
0x00007ff82c739000 	/System/Library/PrivateFrameworks/NetAuth.framework/Versions/A/NetAuth
0x00007ff82d627000 	/System/Library/PrivateFrameworks/Sharing.framework/Versions/A/Sharing
0x00007ff8261e8000 	/System/Library/PrivateFrameworks/login.framework/Versions/A/Frameworks/loginsupport.framework/Versions/A/loginsupport
0x00007ff832ac8000 	/System/Library/PrivateFrameworks/Apple80211.framework/Versions/A/Apple80211
0x00007ff8293c9000 	/System/Library/PrivateFrameworks/AuthKit.framework/Versions/A/AuthKit
0x00007ff828a23000 	/System/Library/PrivateFrameworks/CoreUtils.framework/Versions/A/CoreUtils
0x00007ff82894a000 	/System/Library/Frameworks/CoreWLAN.framework/Versions/A/CoreWLAN
0x00007ff82d782000 	/System/Library/Frameworks/IOBluetooth.framework/Versions/A/IOBluetooth
0x00007ff832b30000 	/System/Library/PrivateFrameworks/CoreWiFi.framework/Versions/A/CoreWiFi
0x00007ff83155d000 	/System/Library/PrivateFrameworks/FrontBoardServices.framework/Versions/A/FrontBoardServices
0x00007ff8315ef000 	/System/Library/PrivateFrameworks/BoardServices.framework/Versions/A/BoardServices
0x00007ff828c3d000 	/System/Library/PrivateFrameworks/AssertionServices.framework/Versions/A/AssertionServices
0x00007ff832cb4000 	/System/Library/PrivateFrameworks/BackBoardServices.framework/Versions/A/BackBoardServices
0x00007ff82cb86000 	/System/Library/PrivateFrameworks/CorePhoneNumbers.framework/Versions/A/CorePhoneNumbers
0x00007ff83085b000 	/System/Library/PrivateFrameworks/DiskManagement.framework/Versions/A/DiskManagement
0x00007ff83076f000 	/System/Library/PrivateFrameworks/AppleIDAuthSupport.framework/Versions/A/AppleIDAuthSupport
0x00007ffa3d1b3000 	/System/Library/PrivateFrameworks/AAAFoundation.framework/Versions/A/AAAFoundation
0x00007ff82cb67000 	/System/Library/PrivateFrameworks/KeychainCircle.framework/Versions/A/KeychainCircle
0x00007ff830827000 	/System/Library/PrivateFrameworks/MediaKit.framework/Versions/A/MediaKit
0x00007ff83077b000 	/System/Library/Frameworks/DiscRecording.framework/Versions/A/DiscRecording
0x00007ff82a21f000 	/usr/lib/libCoreStorage.dylib
0x00007ff832fa3000 	/usr/lib/libcsfde.dylib
0x00007ff82d84f000 	/System/Library/PrivateFrameworks/ProtectedCloudStorage.framework/Versions/A/ProtectedCloudStorage
0x00007ff832f9f000 	/System/Library/PrivateFrameworks/EFILogin.framework/Versions/A/EFILogin
0x00007ff830ed7000 	/System/Library/PrivateFrameworks/OctagonTrust.framework/Versions/A/OctagonTrust
0x00007ffb218d0000 	/System/Library/PrivateFrameworks/CoreUtilsExtras.framework/Versions/A/CoreUtilsExtras
0x00007ff8306b1000 	/System/Library/Frameworks/CoreBluetooth.framework/Versions/A/CoreBluetooth
0x00007ff833619000 	/System/Library/Frameworks/AudioUnit.framework/Versions/A/AudioUnit
0x00007ff82a217000 	/usr/lib/libMatch.1.dylib
0x00007ff9285b2000 	/System/Library/Frameworks/Accelerate.framework/Versions/A/Frameworks/vImage.framework/Versions/A/Libraries/libCGInterfaces.dylib
0x000000010a8b9000 	/usr/lib/libobjc-trampolines.dylib
0x00007ff825f0e000 	/System/Library/PrivateFrameworks/ViewBridge.framework/Versions/A/ViewBridge
0x0000000124cd4000 	/Library/Java/JavaVirtualMachines/jdk1.8.0_301.jdk/Contents/Home/jre/lib/libjavafx_font.dylib
0x00007ff82a974000 	/System/Library/PrivateFrameworks/login.framework/Versions/A/login
0x00007ffb344c7000 	/usr/lib/libRosetta.dylib
0x000000012662c000 	/Library/Java/JavaVirtualMachines/jdk1.8.0_301.jdk/Contents/Home/jre/lib/libprism_common.dylib
0x00007ff82fc2e000 	/System/Library/PrivateFrameworks/SystemAdministration.framework/Versions/A/SystemAdministration
0x00007ff82b5cb000 	/System/Library/Frameworks/MediaToolbox.framework/Versions/A/MediaToolbox
0x00007ff82f52f000 	/System/Library/Frameworks/DirectoryService.framework/Versions/A/DirectoryService
0x00007ff832e41000 	/System/Library/PrivateFrameworks/DiskImages.framework/Versions/A/DiskImages
0x00007ff828ce5000 	/System/Library/Frameworks/ServiceManagement.framework/Versions/A/ServiceManagement
0x00007ff83301b000 	/System/Library/PrivateFrameworks/LoginUIKit.framework/Versions/A/Frameworks/LoginUICore.framework/Versions/A/LoginUICore
0x00007ff82ab22000 	/usr/lib/libodfde.dylib
0x00007ff830d0a000 	/System/Library/PrivateFrameworks/CoreAVCHD.framework/Versions/A/CoreAVCHD
0x00007ff82fbf2000 	/System/Library/Frameworks/MediaAccessibility.framework/Versions/A/MediaAccessibility
0x00007ff830d06000 	/System/Library/PrivateFrameworks/Mangrove.framework/Versions/A/Mangrove
0x00007ff82fbfd000 	/System/Library/PrivateFrameworks/AlgosScoreFramework.framework/Versions/A/AlgosScoreFramework
0x00007ffb1ed1c000 	/System/Library/PrivateFrameworks/CMPhoto.framework/Versions/A/CMPhoto
0x00007ff83185e000 	/System/Library/PrivateFrameworks/AppleVPA.framework/Versions/A/AppleVPA
0x00007ff83094b000 	/System/Library/PrivateFrameworks/CoreAUC.framework/Versions/A/CoreAUC
0x00007ff832faf000 	/usr/lib/libcurl.4.dylib
0x00007ff832d0c000 	/usr/lib/libcrypto.44.dylib
0x00007ff832e14000 	/usr/lib/libssl.46.dylib
0x00007ff832cd2000 	/System/Library/Frameworks/LDAP.framework/Versions/A/LDAP
0x00007ff832d0a000 	/System/Library/PrivateFrameworks/TrustEvaluationAgent.framework/Versions/A/TrustEvaluationAgent
0x00007ff82c44d000 	/usr/lib/libsasl2.2.dylib
0x00007ff82fc22000 	/System/Library/PrivateFrameworks/CoreDaemon.framework/Versions/B/CoreDaemon
0x00007ff82fc1d000 	/System/Library/PrivateFrameworks/AppleSRP.framework/Versions/A/AppleSRP
0x0000000126ec9000 	/Library/Java/JavaVirtualMachines/jdk1.8.0_301.jdk/Contents/Home/jre/lib/libsunec.dylib
0x00000001270f2000 	/Library/Java/JavaVirtualMachines/jdk1.8.0_301.jdk/Contents/Home/jre/lib/libnio.dylib

VM Arguments:
jvm_args: -javaagent:/Applications/IntelliJ IDEA.app/Contents/lib/idea_rt.jar=49664:/Applications/IntelliJ IDEA.app/Contents/bin -Dfile.encoding=UTF-8 
java_command: main.gpupAdmin
java_class_path (initial): /Library/Java/JavaVirtualMachines/jdk1.8.0_301.jdk/Contents/Home/jre/lib/charsets.jar:/Library/Java/JavaVirtualMachines/jdk1.8.0_301.jdk/Contents/Home/jre/lib/deploy.jar:/Library/Java/JavaVirtualMachines/jdk1.8.0_301.jdk/Contents/Home/jre/lib/ext/cldrdata.jar:/Library/Java/JavaVirtualMachines/jdk1.8.0_301.jdk/Contents/Home/jre/lib/ext/dnsns.jar:/Library/Java/JavaVirtualMachines/jdk1.8.0_301.jdk/Contents/Home/jre/lib/ext/jaccess.jar:/Library/Java/JavaVirtualMachines/jdk1.8.0_301.jdk/Contents/Home/jre/lib/ext/jfxrt.jar:/Library/Java/JavaVirtualMachines/jdk1.8.0_301.jdk/Contents/Home/jre/lib/ext/localedata.jar:/Library/Java/JavaVirtualMachines/jdk1.8.0_301.jdk/Contents/Home/jre/lib/ext/nashorn.jar:/Library/Java/JavaVirtualMachines/jdk1.8.0_301.jdk/Contents/Home/jre/lib/ext/sunec.jar:/Library/Java/JavaVirtualMachines/jdk1.8.0_301.jdk/Contents/Home/jre/lib/ext/sunjce_provider.jar:/Library/Java/JavaVirtualMachines/jdk1.8.0_301.jdk/Contents/Home/jre/lib/ext/sunpkcs11.jar:/Library/Java/JavaVirtualMachines/jdk1.8.0_301.jdk/Contents/Home/jre/lib/ext/zipfs.jar:/Library/Java/JavaVirtualMachines/jdk1.8.0_301.jdk/Contents/Home/jre/lib/javaws.jar:/Library/Java/JavaVirtualMachines/jdk1.8.0_301.jdk/Contents/Home/jre/lib/jce.jar:/Library/Java/JavaVirtualMachines/jdk1.8.0_301.jdk/Contents/Home/jre/lib/jfr.jar:/Library/Java/JavaVirtualMachines/jdk1.8.0_301.jdk/Contents/Home/jre/lib/jfxswt.jar:/Library/Java/JavaVirtualMachines/jdk1.8.0_301.jdk/Contents/Home/jre/lib/jsse.jar:/Library/Java/JavaVirtualMachines/jdk1.8.0_301.jdk/Contents/Home/jre/lib/management-agent.jar:/Library/Java/JavaVirtualMachines/jdk1.8.0_301.jdk/Contents/Home/jre/lib/plugin.jar:/Library/Java/JavaVirtualMachines/jdk1.8.0_301.jdk/Contents/Home/jre/lib/resources.jar:/Library/Java/JavaVirtualMachines/jdk1.8.0_301.jdk/Contents/Home/jre/lib/rt.jar:/Library/Java/JavaVirtualMachines/jdk1.8.0_301.jdk/Contents/Home/lib/ant-javafx.jar:/Library/Java/JavaVirtualMachines/jdk1.8.0_301.jdk/Contents/Home
Launcher Type: SUN_STANDARD

Environment Variables:
JAVA_HOME=/Library/Java/JavaVirtualMachines/jdk1.8.0_301.jdk/Contents/Home
PATH=/Library/Java/JavaVirtualMachines/jdk1.8.0_301.jdk/Contents/Home/bin:/usr/local/bin:/usr/bin:/bin:/usr/sbin:/sbin:/usr/local/share/dotnet:~/.dotnet/tools:/Library/Apple/usr/bin:/Library/Frameworks/Mono.framework/Versions/Current/Commands
SHELL=/bin/bash

Signal Handlers:
SIGSEGV: [libjvm.dylib+0x59bf91], sa_mask[0]=11111111011111110111111111111111, sa_flags=SA_ONSTACK|SA_RESTART|SA_SIGINFO
SIGBUS: [libjvm.dylib+0x59bf91], sa_mask[0]=11111111011111110111111111111111, sa_flags=SA_RESTART|SA_SIGINFO
SIGFPE: [libjvm.dylib+0x48f9b7], sa_mask[0]=11111111011111110111111111111111, sa_flags=SA_RESTART|SA_SIGINFO
SIGPIPE: [libjvm.dylib+0x48f9b7], sa_mask[0]=11111111011111110111111111111111, sa_flags=SA_RESTART|SA_SIGINFO
SIGXFSZ: [libjvm.dylib+0x48f9b7], sa_mask[0]=11111111011111110111111111111111, sa_flags=SA_RESTART|SA_SIGINFO
SIGILL: [libjvm.dylib+0x48f9b7], sa_mask[0]=11111111011111110111111111111111, sa_flags=SA_RESTART|SA_SIGINFO
SIGUSR1: SIG_DFL, sa_mask[0]=00000000000000000000000000000000, sa_flags=none
SIGUSR2: [libjvm.dylib+0x4902a6], sa_mask[0]=00100000000000000000000000000000, sa_flags=SA_RESTART|SA_SIGINFO
SIGHUP: [libjvm.dylib+0x48e503], sa_mask[0]=11111111011111110111111111111111, sa_flags=SA_RESTART|SA_SIGINFO
SIGINT: [libjvm.dylib+0x48e503], sa_mask[0]=11111111011111110111111111111111, sa_flags=SA_RESTART|SA_SIGINFO
SIGTERM: [libjvm.dylib+0x48e503], sa_mask[0]=11111111011111110111111111111111, sa_flags=SA_RESTART|SA_SIGINFO
SIGQUIT: [libjvm.dylib+0x48e503], sa_mask[0]=11111111011111110111111111111111, sa_flags=SA_RESTART|SA_SIGINFO


---------------  S Y S T E M  ---------------

OS:Bsduname:Darwin 21.2.0 Darwin Kernel Version 21.2.0: Sun Nov 28 20:28:54 PST 2021; root:xnu-8019.61.5~1/RELEASE_X86_64 x86_64
rlimit: STACK 8192k, CORE 0k, NPROC 2784, NOFILE 10240, AS infinity
load average:2.15 2.13 1.99

CPU:total 8 (initial active 8) (4 cores per cpu, 2 threads per core) family 6 model 142 stepping 10, cmov, cx8, fxsr, mmx, sse, sse2, sse3, ssse3, sse4.1, sse4.2, popcnt, avx, avx2, aes, clmul, erms, 3dnowpref, lzcnt, ht, tsc, tscinvbit, bmi1, bmi2, adx

Memory: 4k page, physical 16777216k(46252k free)

/proc/meminfo:


vm_info: Java HotSpot(TM) 64-Bit Server VM (25.301-b09) for bsd-amd64 JRE (1.8.0_301-b09), built on Jun  9 2021 14:35:36 by "java_re" with gcc 4.2.1 Compatible Apple LLVM 11.0.0 (clang-1100.0.33.17)

time: Sun Jan  9 20:33:08 2022
timezone: IST
elapsed time: 31.299238 seconds (0d 0h 0m 31s)

